0 info it worked if it ends with ok
1 verbose cli [ '/usr/local/bin/node', '/usr/local/bin/npm', 'run', 'tests' ]
2 info using npm@3.8.5
3 info using node@v4.2.3
4 verbose run-script [ 'pretests', 'tests', 'posttests' ]
5 info lifecycle material-start@0.0.4~pretests: material-start@0.0.4
6 silly lifecycle material-start@0.0.4~pretests: no script for pretests, continuing
7 info lifecycle material-start@0.0.4~tests: material-start@0.0.4
8 verbose lifecycle material-start@0.0.4~tests: unsafe-perm in lifecycle true
9 verbose lifecycle material-start@0.0.4~tests: PATH: /usr/local/lib/node_modules/npm/bin/node-gyp-bin:/Users/pawnshop/Documents/AngularMaterialsTutorial/material-start-master/node_modules/.bin:/usr/local/bin:/usr/bin:/bin:/usr/sbin:/sbin:/usr/local/bin
10 verbose lifecycle material-start@0.0.4~tests: CWD: /Users/pawnshop/Documents/AngularMaterialsTutorial/material-start-master
11 silly lifecycle material-start@0.0.4~tests: Args: [ '-c', 'karma start ./test/karma.conf.js' ]
12 silly lifecycle material-start@0.0.4~tests: Returned: code: 1  signal: null
13 info lifecycle material-start@0.0.4~tests: Failed to exec tests script
14 verbose stack Error: material-start@0.0.4 tests: `karma start ./test/karma.conf.js`
14 verbose stack Exit status 1
14 verbose stack     at EventEmitter.<anonymous> (/usr/local/lib/node_modules/npm/lib/utils/lifecycle.js:239:16)
14 verbose stack     at emitTwo (events.js:87:13)
14 verbose stack     at EventEmitter.emit (events.js:172:7)
14 verbose stack     at ChildProcess.<anonymous> (/usr/local/lib/node_modules/npm/lib/utils/spawn.js:24:14)
14 verbose stack     at emitTwo (events.js:87:13)
14 verbose stack     at ChildProcess.emit (events.js:172:7)
14 verbose stack     at maybeClose (internal/child_process.js:818:16)
14 verbose stack     at Process.ChildProcess._handle.onexit (internal/child_process.js:211:5)
15 verbose pkgid material-start@0.0.4
16 verbose cwd /Users/pawnshop/Documents/AngularMaterialsTutorial/material-start-master
17 error Darwin 15.4.0
18 error argv "/usr/local/bin/node" "/usr/local/bin/npm" "run" "tests"
19 error node v4.2.3
20 error npm  v3.8.5
21 error code ELIFECYCLE
22 error material-start@0.0.4 tests: `karma start ./test/karma.conf.js`
22 error Exit status 1
23 error Failed at the material-start@0.0.4 tests script 'karma start ./test/karma.conf.js'.
23 error Make sure you have the latest version of node.js and npm installed.
23 error If you do, this is most likely a problem with the material-start package,
23 error not with npm itself.
23 error Tell the author that this fails on your system:
23 error     karma start ./test/karma.conf.js
23 error You can get information on how to open an issue for this project with:
23 error     npm bugs material-start
23 error Or if that isn't available, you can get their info via:
23 error     npm owner ls material-start
23 error There is likely additional logging output above.
24 verbose exit [ 1, true ]
